[17:37:32] [main/INFO] (Launcher) ModLauncher running: args [--launchTarget, neoforgeclientdev, --version, 21.4.9-beta, --assetIndex, 1.21.4-19, --assetsDir, C:\Users\kipcl\.gradle\caches\fabric-loom\assets, --gameDir, ., --fml.fmlVersion, 6.0.4, --fml.mcVersion, 1.21.4, --fml.neoForgeVersion, 21.4.9-beta, --fml.neoFormVersion, 20241203.161809]
[17:37:32] [main/INFO] (Launcher) JVM identified as Oracle Corporation Java HotSpot(TM) 64-Bit Server VM 21.0.3+7-LTS-152
[17:37:32] [main/INFO] (Launcher) ModLauncher 11.0.4+main.d2e20e43 starting: java version 21.0.3 by Oracle Corporation; OS Windows 11 arch amd64 version 10.0
[17:37:32] [main/INFO] (ImmediateWindowHandler) Loading ImmediateWindowProvider fmlearlywindow
[17:37:32] [main/INFO] (EARLYDISPLAY) Trying GL version 4.6
[17:37:32] [main/INFO] (EARLYDISPLAY) Requested GL version 4.6 got version 4.6
[17:37:32] [main/INFO] (mixin) SpongePowered MIXIN Subsystem Version=0.8.7 Source=union:/C:/Users/kipcl/.gradle/caches/modules-2/files-2.1/net.fabricmc/sponge-mixin/0.15.2+mixin.0.8.7/2af2f021d8e02a0220dc27a7a72b4666d66d44ca/sponge-mixin-0.15.2+mixin.0.8.7.jar%23138!/ Service=ModLauncher Env=CLIENT
[17:37:32] [main/INFO] (ModDiscoverer) Found mod file "neoforge-21.4.9-beta-minecraft-merged-1.21.4-loom.mappings.1_21_4.layered+hash.40359-v2-neoforge-21.4.9-beta.jar" [locator: neoforge devenv provider ([C:\Users\kipcl\.gradle\caches\fabric-loom\minecraftMaven\net\minecraft\neoforge-21.4.9-beta-minecraft-merged\1.21.4-loom.mappings.1_21_4.layered+hash.40359-v2-neoforge-21.4.9-beta\neoforge-21.4.9-beta-minecraft-merged-1.21.4-loom.mappings.1_21_4.layered+hash.40359-v2-neoforge-21.4.9-beta.jar])]
[17:37:32] [main/INFO] (ModDiscoverer) Found mod file "neoforge-21.4.9-beta-minecraft-merged-1.21.4-loom.mappings.1_21_4.layered+hash.40359-v2-neoforge-21.4.9-beta.jar" [locator: neoforge devenv provider ([C:\Users\kipcl\.gradle\caches\fabric-loom\minecraftMaven\net\minecraft\neoforge-21.4.9-beta-minecraft-merged\1.21.4-loom.mappings.1_21_4.layered+hash.40359-v2-neoforge-21.4.9-beta\neoforge-21.4.9-beta-minecraft-merged-1.21.4-loom.mappings.1_21_4.layered+hash.40359-v2-neoforge-21.4.9-beta.jar])]
[17:37:32] [main/INFO] (ModDiscoverer) Found mod file "main" [locator: userdev mods and services, reader: mod manifest]
[17:37:32] [pool-5-thread-1/INFO] (EARLYDISPLAY) GL info: NVIDIA GeForce RTX 4060 Ti/PCIe/SSE2 GL version 4.6.0 NVIDIA 560.94, NVIDIA Corporation
[17:37:32] [main/INFO] (ModDiscoverer) Found mod file "neoforge-21.4.9-beta-minecraft-merged-1.21.4-loom.mappings.1_21_4.layered+hash.40359-v2-neoforge-21.4.9-beta.jar" [locator: userdev mods and services, reader: mod manifest]
[17:37:32] [main/INFO] (ModDiscoverer) Found mod file "architectury-neoforge-15.0.1.jar" [locator: userdev mods and services, reader: mod manifest]
[17:37:32] [main/INFO] (ModDiscoverer) Found mod file "7718608591534324552.jar" [locator: userdev mods and services, reader: mod manifest]
[17:37:32] [main/INFO] (ModDiscoverer) Found gamelibrary file "mixinextras-neoforge-0.4.1.jar" [locator: userdev mods and services, reader: mod manifest]
[17:37:32] [main/WARN] (JarSelector) Attempted to select a dependency jar for JarJar which was passed in as source: library:mixinextras.neoforge. Using Mod File: C:\Users\kipcl\.gradle\caches\modules-2\files-2.1\io.github.llamalad7\mixinextras-neoforge\0.4.1\eff97772ecd0dcf8e52cdbafd3b3ccec425f8314\mixinextras-neoforge-0.4.1.jar
[17:37:32] [main/INFO] (JarInJarDependencyLocator) Found 1 dependencies adding them to mods collection
[17:37:32] [main/INFO] (ModDiscoverer) Found library file "net.neoforged.neoforge-coremods-21.4.9-beta.jar" [parent: neoforge-21.4.9-beta-minecraft-merged-1.21.4-loom.mappings.1_21_4.layered+hash.40359-v2-neoforge-21.4.9-beta.jar, locator: jarinjar, reader: mod manifest]
[17:37:32] [main/INFO] (ModDiscoverer) 
     Mod List:
		Name Version (Mod Id)

		Architectury 15.0.1 (architectury)
		Dynamic Villager Trades 1.0.0 (dynamic_villager_trades)
		generated_46f9d13 1 (generated_46f9d13)
		Minecraft 1.21.4 (minecraft)
		NeoForge 21.4.9-beta (neoforge)
[17:37:32] [main/INFO] (mixin) Compatibility level set to JAVA_21
[17:37:32] [main/INFO] (LaunchServiceHandler) Launching target 'neoforgeclientdev' with arguments [--version, 21.4.9-beta, --gameDir, ., --assetsDir, C:\Users\kipcl\.gradle\caches\fabric-loom\assets, --assetIndex, 1.21.4-19]
[17:37:32] [main/INFO] (unprotect) Found 8841 Minecraft classes
[09Feb2025 17:37:34.207] [Datafixer Bootstrap/INFO] [com.mojang.datafixers.DataFixerBuilder/]: 246 Datafixer optimizations took 239 milliseconds
[09Feb2025 17:37:34.352] [pool-12-thread-1/INFO] [MixinExtras|Service/]: Initializing MixinExtras via com.llamalad7.mixinextras.service.MixinExtrasServiceImpl(version=0.4.1).
[09Feb2025 17:37:37.627] [main/WARN] [net.minecraft.commands.Commands/]: Ambiguity between arguments [teleport, location] and [teleport, destination] with inputs: [0.1 -0.5 .9, 0 0 0]
[09Feb2025 17:37:37.627] [main/WARN] [net.minecraft.commands.Commands/]: Ambiguity between arguments [teleport, location] and [teleport, targets] with inputs: [0.1 -0.5 .9, 0 0 0]
[09Feb2025 17:37:37.635] [main/WARN] [net.minecraft.commands.Commands/]: Ambiguity between arguments [teleport, destination] and [teleport, targets] with inputs: [Player, 0123, @e, dd12be42-52a9-4a91-a8a1-11c01849e498]
[09Feb2025 17:37:37.635] [main/WARN] [net.minecraft.commands.Commands/]: Ambiguity between arguments [teleport, targets] and [teleport, destination] with inputs: [Player, 0123, dd12be42-52a9-4a91-a8a1-11c01849e498]
[09Feb2025 17:37:37.637] [main/WARN] [net.minecraft.commands.Commands/]: Ambiguity between arguments [teleport, targets, location] and [teleport, targets, destination] with inputs: [0.1 -0.5 .9, 0 0 0]
[09Feb2025 17:37:37.736] [Render thread/WARN] [net.minecraft.server.packs.VanillaPackResourcesBuilder/]: Assets URL 'union:/C:/Users/kipcl/.gradle/caches/fabric-loom/minecraftMaven/net/minecraft/neoforge-21.4.9-beta-minecraft-merged/1.21.4-loom.mappings.1_21_4.layered+hash.40359-v2-neoforge-21.4.9-beta/neoforge-21.4.9-beta-minecraft-merged-1.21.4-loom.mappings.1_21_4.layered+hash.40359-v2-neoforge-21.4.9-beta.jar%23224!/assets/.mcassetsroot' uses unexpected schema
[09Feb2025 17:37:37.736] [Render thread/WARN] [net.minecraft.server.packs.VanillaPackResourcesBuilder/]: Assets URL 'union:/C:/Users/kipcl/.gradle/caches/fabric-loom/minecraftMaven/net/minecraft/neoforge-21.4.9-beta-minecraft-merged/1.21.4-loom.mappings.1_21_4.layered+hash.40359-v2-neoforge-21.4.9-beta/neoforge-21.4.9-beta-minecraft-merged-1.21.4-loom.mappings.1_21_4.layered+hash.40359-v2-neoforge-21.4.9-beta.jar%23224!/data/.mcassetsroot' uses unexpected schema
[09Feb2025 17:37:37.753] [Render thread/INFO] [com.mojang.authlib.yggdrasil.YggdrasilAuthenticationService/]: Environment: Environment[sessionHost=https://sessionserver.mojang.com, servicesHost=https://api.minecraftservices.com, name=PROD]
[09Feb2025 17:37:37.758] [Render thread/INFO] [net.minecraft.client.Minecraft/]: Setting user: Dev
[09Feb2025 17:37:37.811] [Render thread/INFO] [net.minecraft.client.Minecraft/]: Backend library: LWJGL version 3.3.3+5
[09Feb2025 17:37:37.945] [modloading-worker-0/INFO] [net.neoforged.neoforge.common.NeoForgeMod/NEOFORGE-MOD]: NeoForge mod loading, version 21.4.9-beta, for MC 1.21.4
[09Feb2025 17:37:38.609] [Render thread/INFO] [net.neoforged.neoforge.gametest.GameTestHooks/]: Enabled Gametest Namespaces: []
[09Feb2025 17:37:38.776] [Render thread/INFO] [net.minecraft.server.packs.resources.ReloadableResourceManager/]: Reloading ResourceManager: vanilla, mod_resources, mod/architectury, mod/generated_46f9d13, mod/neoforge, mod/dynamic_villager_trades
[09Feb2025 17:37:38.850] [resourceLoad/INFO] [net.minecraft.client.gui.font.providers.UnihexProvider/]: Found unifont_jp_patch-16.0.01.hex, loading
[09Feb2025 17:37:38.850] [resourceLoad/INFO] [net.minecraft.client.gui.font.providers.UnihexProvider/]: Found unifont_all_no_pua-16.0.01.hex, loading
[09Feb2025 17:37:39.637] [Render thread/INFO] [com.mojang.blaze3d.audio.Library/]: OpenAL initialized on device OpenAL Soft on VA34VCPSN (NVIDIA High Definition Audio)
[09Feb2025 17:37:39.637] [Render thread/INFO] [net.minecraft.client.sounds.SoundEngine/SOUNDS]: Sound engine started
[09Feb2025 17:37:39.689] [Render thread/INFO] [net.minecraft.client.renderer.texture.TextureAtlas/]: Created: 1024x512x4 minecraft:textures/atlas/blocks.png-atlas
[09Feb2025 17:37:39.694] [Render thread/INFO] [net.minecraft.client.renderer.texture.TextureAtlas/]: Created: 256x256x4 minecraft:textures/atlas/signs.png-atlas
[09Feb2025 17:37:39.694] [Render thread/INFO] [net.minecraft.client.renderer.texture.TextureAtlas/]: Created: 512x512x4 minecraft:textures/atlas/shield_patterns.png-atlas
[09Feb2025 17:37:39.694] [Render thread/INFO] [net.minecraft.client.renderer.texture.TextureAtlas/]: Created: 512x512x4 minecraft:textures/atlas/banner_patterns.png-atlas
[09Feb2025 17:37:39.695] [Render thread/INFO] [net.minecraft.client.renderer.texture.TextureAtlas/]: Created: 2048x1024x4 minecraft:textures/atlas/armor_trims.png-atlas
[09Feb2025 17:37:39.696] [Render thread/INFO] [net.minecraft.client.renderer.texture.TextureAtlas/]: Created: 128x64x4 minecraft:textures/atlas/decorated_pot.png-atlas
[09Feb2025 17:37:39.696] [Render thread/INFO] [net.minecraft.client.renderer.texture.TextureAtlas/]: Created: 256x256x4 minecraft:textures/atlas/chest.png-atlas
[09Feb2025 17:37:39.696] [Render thread/INFO] [net.minecraft.client.renderer.texture.TextureAtlas/]: Created: 512x256x4 minecraft:textures/atlas/shulker_boxes.png-atlas
[09Feb2025 17:37:39.696] [Render thread/INFO] [net.minecraft.client.renderer.texture.TextureAtlas/]: Created: 512x256x4 minecraft:textures/atlas/beds.png-atlas
[09Feb2025 17:37:39.698] [Render thread/INFO] [net.minecraft.client.renderer.texture.TextureAtlas/]: Created: 64x64x0 minecraft:textures/atlas/map_decorations.png-atlas
[09Feb2025 17:37:39.801] [Render thread/INFO] [net.minecraft.client.renderer.texture.TextureAtlas/]: Created: 512x256x0 minecraft:textures/atlas/particles.png-atlas
[09Feb2025 17:37:39.801] [Render thread/INFO] [net.minecraft.client.renderer.texture.TextureAtlas/]: Created: 512x256x0 minecraft:textures/atlas/paintings.png-atlas
[09Feb2025 17:37:39.802] [Render thread/INFO] [net.minecraft.client.renderer.texture.TextureAtlas/]: Created: 256x128x0 minecraft:textures/atlas/mob_effects.png-atlas
[09Feb2025 17:37:39.802] [Render thread/INFO] [net.minecraft.client.renderer.texture.TextureAtlas/]: Created: 1024x512x0 minecraft:textures/atlas/gui.png-atlas
[09Feb2025 17:37:39.805] [Render thread/INFO] [net.neoforged.neoforge.client.entity.animation.json.AnimationLoader/]: Loaded 0 entity animations
[09Feb2025 18:42:04.350] [Render thread/INFO] [net.minecraft.client.sounds.SoundEngine/]: Audio device was lost!
[09Feb2025 18:42:04.377] [Render thread/INFO] [com.mojang.blaze3d.audio.Library/]: OpenAL initialized on device OpenAL Soft on Speakers (Steam Streaming Speakers)
[09Feb2025 18:42:04.378] [Render thread/INFO] [net.minecraft.client.sounds.SoundEngine/SOUNDS]: Sound engine started
[09Feb2025 18:42:04.456] [IO-Worker-1/INFO] [net.minecraft.client.sounds.SoundEngine/]: System default audio device has changed!
[09Feb2025 18:42:04.591] [Render thread/INFO] [com.mojang.blaze3d.audio.Library/]: OpenAL initialized on device OpenAL Soft on Speakers (Steam Streaming Speakers)
[09Feb2025 18:42:04.591] [Render thread/INFO] [net.minecraft.client.sounds.SoundEngine/SOUNDS]: Sound engine started
[09Feb2025 18:42:05.541] [IO-Worker-1/INFO] [net.minecraft.client.sounds.SoundEngine/]: System default audio device has changed!
[09Feb2025 18:42:05.676] [Render thread/INFO] [com.mojang.blaze3d.audio.Library/]: OpenAL initialized on device OpenAL Soft on VA34VCPSN (NVIDIA High Definition Audio)
[09Feb2025 18:42:05.676] [Render thread/INFO] [net.minecraft.client.sounds.SoundEngine/SOUNDS]: Sound engine started
[09Feb2025 19:02:16.674] [Render thread/INFO] [net.minecraft.client.sounds.SoundEngine/]: Audio device was lost!
[09Feb2025 19:02:16.697] [Render thread/INFO] [com.mojang.blaze3d.audio.Library/]: OpenAL initialized on device OpenAL Soft on Speakers (Steam Streaming Speakers)
[09Feb2025 19:02:16.697] [Render thread/INFO] [net.minecraft.client.sounds.SoundEngine/SOUNDS]: Sound engine started
[09Feb2025 19:02:16.780] [IO-Worker-1/INFO] [net.minecraft.client.sounds.SoundEngine/]: System default audio device has changed!
[09Feb2025 19:02:16.913] [Render thread/INFO] [com.mojang.blaze3d.audio.Library/]: OpenAL initialized on device OpenAL Soft on Speakers (Steam Streaming Speakers)
[09Feb2025 19:02:16.913] [Render thread/INFO] [net.minecraft.client.sounds.SoundEngine/SOUNDS]: Sound engine started
[09Feb2025 19:02:24.892] [IO-Worker-1/INFO] [net.minecraft.client.sounds.SoundEngine/]: System default audio device has changed!
[09Feb2025 19:02:25.020] [Render thread/INFO] [com.mojang.blaze3d.audio.Library/]: OpenAL initialized on device OpenAL Soft on VA34VCPSN (NVIDIA High Definition Audio)
[09Feb2025 19:02:25.021] [Render thread/INFO] [net.minecraft.client.sounds.SoundEngine/SOUNDS]: Sound engine started
[09Feb2025 19:22:34.517] [Render thread/INFO] [net.minecraft.client.sounds.SoundEngine/]: Audio device was lost!
[09Feb2025 19:22:34.545] [Render thread/INFO] [com.mojang.blaze3d.audio.Library/]: OpenAL initialized on device OpenAL Soft on Speakers (Steam Streaming Speakers)
[09Feb2025 19:22:34.545] [Render thread/INFO] [net.minecraft.client.sounds.SoundEngine/SOUNDS]: Sound engine started
[09Feb2025 19:22:35.319] [IO-Worker-1/INFO] [net.minecraft.client.sounds.SoundEngine/]: System default audio device has changed!
[09Feb2025 19:22:35.442] [Render thread/INFO] [com.mojang.blaze3d.audio.Library/]: OpenAL initialized on device OpenAL Soft on Speakers (Steam Streaming Speakers)
[09Feb2025 19:22:35.442] [Render thread/INFO] [net.minecraft.client.sounds.SoundEngine/SOUNDS]: Sound engine started
[09Feb2025 19:43:53.603] [IO-Worker-1/INFO] [net.minecraft.client.sounds.SoundEngine/]: System default audio device has changed!
[09Feb2025 19:43:53.732] [Render thread/INFO] [com.mojang.blaze3d.audio.Library/]: OpenAL initialized on device OpenAL Soft on VA34VCPSN (NVIDIA High Definition Audio)
[09Feb2025 19:43:53.733] [Render thread/INFO] [net.minecraft.client.sounds.SoundEngine/SOUNDS]: Sound engine started
[09Feb2025 19:58:44.244] [IO-Worker-1/INFO] [net.minecraft.client.sounds.SoundEngine/]: System default audio device has changed!
[09Feb2025 19:58:44.437] [Render thread/INFO] [com.mojang.blaze3d.audio.Library/]: OpenAL initialized on device OpenAL Soft on Headphones (Razer Barracuda X (BT))
[09Feb2025 19:58:44.437] [Render thread/INFO] [net.minecraft.client.sounds.SoundEngine/SOUNDS]: Sound engine started
[09Feb2025 21:26:20.554] [Render thread/INFO] [net.minecraft.client.sounds.SoundEngine/]: Audio device was lost!
[09Feb2025 21:26:20.589] [Render thread/INFO] [com.mojang.blaze3d.audio.Library/]: OpenAL initialized on device OpenAL Soft on VA34VCPSN (NVIDIA High Definition Audio)
[09Feb2025 21:26:20.589] [Render thread/INFO] [net.minecraft.client.sounds.SoundEngine/SOUNDS]: Sound engine started
[09Feb2025 21:26:21.256] [IO-Worker-1/INFO] [net.minecraft.client.sounds.SoundEngine/]: System default audio device has changed!
[09Feb2025 21:26:21.410] [Render thread/INFO] [com.mojang.blaze3d.audio.Library/]: OpenAL initialized on device OpenAL Soft on VA34VCPSN (NVIDIA High Definition Audio)
[09Feb2025 21:26:21.410] [Render thread/INFO] [net.minecraft.client.sounds.SoundEngine/SOUNDS]: Sound engine started
[09Feb2025 21:32:36.291] [Render thread/INFO] [net.minecraft.client.sounds.SoundEngine/]: Audio device was lost!
[09Feb2025 21:32:36.321] [Render thread/INFO] [com.mojang.blaze3d.audio.Library/]: OpenAL initialized on device OpenAL Soft on Speakers (Steam Streaming Speakers)
[09Feb2025 21:32:36.321] [Render thread/INFO] [net.minecraft.client.sounds.SoundEngine/SOUNDS]: Sound engine started
[09Feb2025 21:32:36.998] [IO-Worker-1/INFO] [net.minecraft.client.sounds.SoundEngine/]: System default audio device has changed!
[09Feb2025 21:32:37.125] [Render thread/INFO] [com.mojang.blaze3d.audio.Library/]: OpenAL initialized on device OpenAL Soft on Speakers (Steam Streaming Speakers)
[09Feb2025 21:32:37.125] [Render thread/INFO] [net.minecraft.client.sounds.SoundEngine/SOUNDS]: Sound engine started
[09Feb2025 21:47:19.317] [IO-Worker-1/INFO] [net.minecraft.client.sounds.SoundEngine/]: System default audio device has changed!
[09Feb2025 21:47:19.452] [Render thread/INFO] [com.mojang.blaze3d.audio.Library/]: OpenAL initialized on device OpenAL Soft on VA34VCPSN (NVIDIA High Definition Audio)
[09Feb2025 21:47:19.452] [Render thread/INFO] [net.minecraft.client.sounds.SoundEngine/SOUNDS]: Sound engine started
